2022-04-08 12:03:58.221 | INFO     | __main__:cell_checker:108 - 请求链接：https://www.elfcosmetics.com/dw/image/v2/BBXC_PRD/on/demandware.static/-/Sites-elf-master/default/dw9c74d9da/2021/57359_SCTRE_OpenA_R.jpg?sw=600&sh=600&sm=fit&sfrm=png，请求状态：200
2022-04-08 12:03:58.223 | INFO     | __main__:cell_checker:108 - 请求链接：https://ad.linksynergy.com/fs-bin/show?id=o0PH*nrGc0U&bids=900493.24&type=15&subid=0，请求状态：200
2022-04-08 12:03:58.225 | INFO     | __main__:cell_checker:108 - 请求链接：https://www.elfcosmetics.com/dw/image/v2/BBXC_PRD/on/demandware.static/-/Sites-elf-master/default/dwbf318815/2021/ElectricMood/82571_LPOTH_Kit_R.jpg?sw=600&sh=600&sm=fit&sfrm=png，请求状态：200
2022-04-08 12:03:58.231 | INFO     | __main__:cell_checker:108 - 请求链接：https://ad.linksynergy.com/fs-bin/show?id=o0PH*nrGc0U&bids=900493.8&type=15&subid=0，请求状态：200
2022-04-08 12:04:03.025 | INFO     | __main__:cell_checker:108 - 请求链接：https://ad.linksynergy.com/fs-bin/show?id=o0PH*nrGc0U&bids=900493.29&type=15&subid=0，请求状态：200
2022-04-08 12:04:03.401 | INFO     | __main__:cell_checker:108 - 请求链接：https://www.elfcosmetics.com/dw/image/v2/BBXC_PRD/on/demandware.static/-/Sites-elf-master/default/dwedd15e0a/2021/camocc/correct%20images%20-%20non-CA%20packaging/82867_FCFND_OpenA_C.jpg?sw=600&sh=600&sm=fit&sfrm=jpg，请求状态：200
2022-04-08 12:04:04.979 | INFO     | __main__:cell_checker:108 - 请求链接：https://click.linksynergy.com/link?id=o0PH*nrGc0U&offerid=900493.8&type=15&murl=https%3A%2F%2Fwww.elfcosmetics.com%2Felectric-mood-x-tiana-lip-duo%2F82571.html，请求状态：410
2022-04-08 12:04:05.406 | INFO     | __main__:cell_checker:108 - 请求链接：https://click.linksynergy.com/link?id=o0PH*nrGc0U&offerid=900493.24&type=15&murl=https%3A%2F%2Fwww.elfcosmetics.com%2Fcbd-100mg-body-oil%2F57359.html，请求状态：200
2022-04-08 12:04:07.875 | INFO     | __main__:cell_checker:108 - 请求链接：https://www.elfcosmetics.com/dw/image/v2/BBXC_PRD/on/demandware.static/-/Sites-elf-master/default/dw59f701a5/83124AcneFightingFoundation_004cA.jpg?sw=600&sh=600&sm=fit&sfrm=jpg，请求状态：200
2022-04-08 12:04:08.332 | INFO     | __main__:cell_checker:108 - 请求链接：https://ad.linksynergy.com/fs-bin/show?id=o0PH*nrGc0U&bids=900493.45&type=15&subid=0，请求状态：200
2022-04-08 12:04:08.442 | INFO     | __main__:cell_checker:108 - 请求链接：https://click.linksynergy.com/link?id=o0PH*nrGc0U&offerid=900493.29&type=15&murl=https%3A%2F%2Fwww.elfcosmetics.com%2Fcamo-cc-cream%2F82867.html，请求状态：200
2022-04-08 12:04:08.473 | INFO     | __main__:cell_checker:108 - 请求链接：https://click.linksynergy.com/link?id=o0PH*nrGc0U&offerid=900493.45&type=15&murl=https%3A%2F%2Fwww.elfcosmetics.com%2Facne-fighting-foundation%2F83124.html，请求状态：200
2022-04-08 12:04:09.453 | INFO     | __main__:cell_checker:108 - 请求链接：https://www.elfcosmetics.com/dw/image/v2/BBXC_PRD/on/demandware.static/-/Sites-elf-master/default/dw5c121154/2021/camocc/correct%20images%20-%20non-CA%20packaging/82863_FCFND_OpenA_C.jpg?sw=600&sh=600&sm=fit&sfrm=jpg，请求状态：200
2022-04-08 12:04:12.479 | INFO     | __main__:cell_checker:108 - 请求链接：https://ad.linksynergy.com/fs-bin/show?id=o0PH*nrGc0U&bids=900493.50&type=15&subid=0，请求状态：200
2022-04-08 12:04:12.637 | INFO     | __main__:cell_checker:108 - 请求链接：https://ad.linksynergy.com/fs-bin/show?id=o0PH*nrGc0U&bids=900493.47&type=15&subid=0，请求状态：200
2022-04-08 12:04:13.533 | INFO     | __main__:cell_checker:108 - 请求链接：https://www.elfcosmetics.com/dw/image/v2/BBXC_PRD/on/demandware.static/-/Sites-elf-master/default/dw238936bc/83408_BlemishControlFacePrimerShortAA.jpg?sw=600&sh=600&sm=fit&sfrm=jpg，请求状态：200
2022-04-08 12:04:16.280 | INFO     | __main__:cell_checker:108 - 请求链接：https://click.linksynergy.com/link?id=o0PH*nrGc0U&offerid=900493.47&type=15&murl=https%3A%2F%2Fwww.elfcosmetics.com%2Fcamo-cc-cream%2F82863.html，请求状态：200
2022-04-08 12:04:17.164 | INFO     | __main__:cell_checker:108 - 请求链接：https://ad.linksynergy.com/fs-bin/show?id=o0PH*nrGc0U&bids=900493.55&type=15&subid=0，请求状态：200
2022-04-08 12:04:17.563 | INFO     | __main__:cell_checker:108 - 请求链接：https://www.elfcosmetics.com/dw/image/v2/BBXC_PRD/on/demandware.static/-/Sites-elf-master/default/dwa0df516a/2021/70990_InPack_R.jpg?sw=600&sh=600&sm=fit&sfrm=png，请求状态：200
2022-04-08 12:04:18.429 | INFO     | __main__:cell_checker:108 - 请求链接：https://click.linksynergy.com/link?id=o0PH*nrGc0U&offerid=900493.55&type=15&murl=https%3A%2F%2Fwww.elfcosmetics.com%2Fnaughty-and-ice-lip-gloss-vault%2F70990.html，请求状态：410
2022-04-08 12:04:18.849 | INFO     | __main__:cell_checker:108 - 请求链接：https://click.linksynergy.com/link?id=o0PH*nrGc0U&offerid=900493.50&type=15&murl=https%3A%2F%2Fwww.elfcosmetics.com%2Fblemish-control-face-primer--small%2F83408.html，请求状态：200
2022-04-08 12:04:22.995 | INFO     | __main__:cell_checker:108 - 请求链接：https://ad.linksynergy.com/fs-bin/show?id=o0PH*nrGc0U&bids=900493.97&type=15&subid=0，请求状态：200
2022-04-08 12:04:23.010 | INFO     | __main__:cell_checker:108 - 请求链接：https://ad.linksynergy.com/fs-bin/show?id=o0PH*nrGc0U&bids=900493.119&type=15&subid=0，请求状态：200
2022-04-08 12:04:23.216 | INFO     | __main__:cell_checker:108 - 请求链接：https://www.elfcosmetics.com/dw/image/v2/BBXC_PRD/on/demandware.static/-/Sites-elf-master/default/dw60dc94ce/2021/camocc/84923_FCFND_OpenA_R.jpg?sw=600&sh=600&sm=fit&sfrm=png，请求状态：200
2022-04-08 12:04:23.977 | INFO     | __main__:cell_checker:108 - 请求链接：https://click.linksynergy.com/link?id=o0PH*nrGc0U&offerid=900493.97&type=15&murl=https%3A%2F%2Fwww.elfcosmetics.com%2F100%2525-cruelty-free-pins%2F84202.html，请求状态：410
2022-04-08 12:04:25.396 | INFO     | __main__:cell_checker:108 - 请求链接：https://www.elfcosmetics.com/dw/image/v2/BBXC_PRD/on/demandware.static/-/Sites-elf-master/default/dw3ad240f2/2020/84202_OTHER_OpenA_R.jpg?sw=600&sh=600&sm=fit&sfrm=png，请求状态：200
2022-04-08 12:04:29.294 | INFO     | __main__:cell_checker:108 - 请求链接：https://ad.linksynergy.com/fs-bin/show?id=o0PH*nrGc0U&bids=900493.130&type=15&subid=0，请求状态：200
2022-04-08 12:04:30.892 | INFO     | __main__:cell_checker:108 - 请求链接：https://www.elfcosmetics.com/dw/image/v2/BBXC_PRD/on/demandware.static/-/Sites-elf-master/default/dw37a25705/2020/57353_SCTRE_OpenA_R.jpg?sw=600&sh=600&sm=fit&sfrm=png，请求状态：200
2022-04-08 12:04:33.033 | INFO     | __main__:cell_checker:108 - 请求链接：https://ad.linksynergy.com/fs-bin/show?id=o0PH*nrGc0U&bids=900493.135&type=15&subid=0，请求状态：200
2022-04-08 12:04:33.174 | INFO     | __main__:cell_checker:108 - 请求链接：https://www.elfcosmetics.com/dw/image/v2/BBXC_PRD/on/demandware.static/-/Sites-elf-master/default/dw318f7475/2021/camocc/correct%20images%20-%20non-CA%20packaging/82864_FCFND_OpenA_C.jpg?sw=600&sh=600&sm=fit&sfrm=jpg，请求状态：200
2022-04-08 12:04:34.089 | INFO     | __main__:cell_checker:108 - 请求链接：https://click.linksynergy.com/link?id=o0PH*nrGc0U&offerid=900493.119&type=15&murl=https%3A%2F%2Fwww.elfcosmetics.com%2Fcamo-cc-cream%2F84923.html，请求状态：200
2022-04-08 12:04:38.348 | INFO     | __main__:cell_checker:108 - 请求链接：https://click.linksynergy.com/link?id=o0PH*nrGc0U&offerid=900493.130&type=15&murl=https%3A%2F%2Fwww.elfcosmetics.com%2Fcamo-cc-cream%2F82864.html，请求状态：200
2022-04-08 12:04:38.364 | INFO     | __main__:cell_checker:108 - 请求链接：https://click.linksynergy.com/link?id=o0PH*nrGc0U&offerid=900493.135&type=15&murl=https%3A%2F%2Fwww.elfcosmetics.com%2F100-mg-cbd-facial-oil%2F57353.html，请求状态：200
2022-04-08 12:04:39.152 | INFO     | __main__:cell_checker:108 - 请求链接：https://ad.linksynergy.com/fs-bin/show?id=o0PH*nrGc0U&bids=900493.140&type=15&subid=0，请求状态：200
2022-04-08 12:04:39.499 | INFO     | __main__:cell_checker:108 - 请求链接：https://www.elfcosmetics.com/dw/image/v2/BBXC_PRD/on/demandware.static/-/Sites-elf-master/default/dw33fa2822/2020/84201_OTHER_OpenA_R.jpg?sw=600&sh=600&sm=fit&sfrm=png，请求状态：200
2022-04-08 12:04:42.066 | INFO     | __main__:cell_checker:108 - 请求链接：https://ad.linksynergy.com/fs-bin/show?id=o0PH*nrGc0U&bids=900493.146&type=15&subid=0，请求状态：200
2022-04-08 12:04:42.348 | INFO     | __main__:cell_checker:108 - 请求链接：https://www.elfcosmetics.com/dw/image/v2/BBXC_PRD/on/demandware.static/-/Sites-elf-master/default/dwc951e0d2/91027_elf+_coco_glow_moisturizer_main.jpg?sw=600&sh=600&sm=fit&sfrm=png，请求状态：200
2022-04-08 12:04:43.850 | INFO     | __main__:cell_checker:108 - 请求链接：https://click.linksynergy.com/link?id=o0PH*nrGc0U&offerid=900493.140&type=15&murl=https%3A%2F%2Fwww.elfcosmetics.com%2F100%2525-cruelty-free-pins%2F84201.html，请求状态：410
2022-04-08 12:04:43.988 | INFO     | __main__:cell_checker:108 - 请求链接：https://www.elfcosmetics.com/dw/image/v2/BBXC_PRD/on/demandware.static/-/Sites-elf-master/default/dw1e633820/2022/022422_elfYouGaming_Bundle.jpg?sw=600&sh=600&sm=fit&sfrm=jpg，请求状态：200
2022-04-08 12:04:49.838 | INFO     | __main__:cell_checker:108 - 请求链接：https://ad.linksynergy.com/fs-bin/show?id=o0PH*nrGc0U&bids=900493.148&type=15&subid=0，请求状态：200
2022-04-08 12:04:50.884 | INFO     | __main__:cell_checker:108 - 请求链接：https://ad.linksynergy.com/fs-bin/show?id=o0PH*nrGc0U&bids=900493.149&type=15&subid=0，请求状态：200
2022-04-08 12:04:51.513 | INFO     | __main__:cell_checker:108 - 请求链接：https://www.elfcosmetics.com/dw/image/v2/BBXC_PRD/on/demandware.static/-/Sites-elf-master/default/dw96cb258a/2020/70932_HLGFT_InPack_R.jpg?sw=600&sh=600&sm=fit&sfrm=png，请求状态：200
2022-04-08 12:04:52.390 | INFO     | __main__:cell_checker:108 - 请求链接：https://click.linksynergy.com/link?id=o0PH*nrGc0U&offerid=900493.148&type=15&murl=https%3A%2F%2Fwww.elfcosmetics.com%2Fe.l.f.-you-gaming-bundle%2F16668.html，请求状态：200
2022-04-08 12:04:55.114 | INFO     | __main__:cell_checker:108 - 请求链接：https://ad.linksynergy.com/fs-bin/show?id=o0PH*nrGc0U&bids=900493.155&type=15&subid=0，请求状态：200
2022-04-08 12:04:55.364 | INFO     | __main__:cell_checker:108 - 请求链接：https://www.elfcosmetics.com/dw/image/v2/BBXC_PRD/on/demandware.static/-/Sites-elf-master/default/dwdcc8d4fa/2021/110121_ecomm_PDP_Holidayvirtualkit_mini%20skincare%20basics.jpg?sw=600&sh=600&sm=fit&sfrm=jpg，请求状态：200
2022-04-08 12:04:56.148 | INFO     | __main__:cell_checker:108 - 请求链接：https://click.linksynergy.com/link?id=o0PH*nrGc0U&offerid=900493.146&type=15&murl=https%3A%2F%2Fwww.elfcosmetics.com%2Felf%252B-glow-radiant-moisturizer-spf-15%2F91027.html，请求状态：200
2022-04-08 12:04:56.179 | INFO     | __main__:cell_checker:108 - 请求链接：https://click.linksynergy.com/link?id=o0PH*nrGc0U&offerid=900493.149&type=15&murl=https%3A%2F%2Fwww.elfcosmetics.com%2Ftreat-yo-e.l.f.-skincare-set%2F70932.html，请求状态：410
2022-04-08 12:05:09.766 | INFO     | __main__:cell_checker:108 - 请求链接：https://click.linksynergy.com/link?id=o0PH*nrGc0U&offerid=900493.155&type=15&murl=https%3A%2F%2Fwww.elfcosmetics.com%2Fthe-basics-mini-skincare-set%2F15144.html，请求状态：200
2022-04-08 12:05:11.164 | INFO     | __main__:cell_checker:108 - 请求链接：https://www.elfcosmetics.com/dw/image/v2/BBXC_PRD/on/demandware.static/-/Sites-elf-master/default/dw458a87a3/2021/83973_LPGLS_Open_R.jpg?sw=600&sh=600&sm=fit&sfrm=png，请求状态：200
2022-04-08 12:05:12.944 | INFO     | __main__:cell_checker:108 - 请求链接：https://ad.linksynergy.com/fs-bin/show?id=o0PH*nrGc0U&bids=900493.156&type=15&subid=0，请求状态：200
2022-04-08 12:05:13.136 | INFO     | __main__:cell_checker:108 - 请求链接：https://www.elfcosmetics.com/dw/image/v2/BBXC_PRD/on/demandware.static/-/Sites-elf-master/default/dw1750b89a/2021/camocc/84928_FCFND_OpenA_R.jpg?sw=600&sh=600&sm=fit&sfrm=png，请求状态：200
2022-04-08 12:05:13.176 | INFO     | __main__:cell_checker:108 - 请求链接：https://click.linksynergy.com/link?id=o0PH*nrGc0U&offerid=900493.156&type=15&murl=https%3A%2F%2Fwww.elfcosmetics.com%2Fcamo-cc-cream%2F84928.html，请求状态：200
2022-04-08 12:05:13.332 | INFO     | __main__:cell_checker:108 - 请求链接：https://ad.linksynergy.com/fs-bin/show?id=o0PH*nrGc0U&bids=900493.160&type=15&subid=0，请求状态：200
2022-04-08 12:05:15.835 | INFO     | __main__:cell_checker:108 - 请求链接：https://click.linksynergy.com/link?id=o0PH*nrGc0U&offerid=900493.160&type=15&murl=https%3A%2F%2Fwww.elfcosmetics.com%2Fretro-paradise-dream-on-lip-gloss%2F83973.html，请求状态：410
2022-04-08 12:05:16.493 | INFO     | __main__:cell_checker:108 - 请求链接：https://ad.linksynergy.com/fs-bin/show?id=o0PH*nrGc0U&bids=900493.163&type=15&subid=0，请求状态：200
2022-04-08 12:05:16.584 | INFO     | __main__:cell_checker:108 - 请求链接：https://www.elfcosmetics.com/dw/image/v2/BBXC_PRD/on/demandware.static/-/Sites-elf-master/default/dwd98844f6/2021/82871_FCFND_OpenA_C.jpg?sw=600&sh=600&sm=fit&sfrm=jpg，请求状态：200
2022-04-08 12:05:17.370 | INFO     | __main__:cell_checker:108 - 请求链接：https://www.elfcosmetics.com/dw/image/v2/BBXC_PRD/on/demandware.static/-/Sites-elf-master/default/dw4940be7b/2021/70994_InPack_R.jpg?sw=600&sh=600&sm=fit&sfrm=png，请求状态：200
2022-04-08 12:05:19.340 | INFO     | __main__:cell_checker:108 - 请求链接：https://ad.linksynergy.com/fs-bin/show?id=o0PH*nrGc0U&bids=900493.181&type=15&subid=0，请求状态：200
2022-04-08 12:06:53.219 | INFO     | __main__:cell_checker:108 - 请求链接：https://www.elfcosmetics.com/dw/image/v2/BBXC_PRD/on/demandware.static/-/Sites-elf-master/default/dw415422d4/83415_BlemishControlFacePrimerAA.jpg?sw=600&sh=600&sm=fit&sfrm=jpg，请求状态：200
2022-04-08 12:06:53.271 | INFO     | __main__:cell_checker:108 - 请求链接：https://click.linksynergy.com/link?id=o0PH*nrGc0U&offerid=900493.163&type=15&murl=https%3A%2F%2Fwww.elfcosmetics.com%2Fcamo-cc-cream%2F82871.html，请求状态：200
2022-04-08 12:06:57.702 | INFO     | __main__:cell_checker:108 - 请求链接：https://ad.linksynergy.com/fs-bin/show?id=o0PH*nrGc0U&bids=900493.183&type=15&subid=0，请求状态：200
2022-04-08 12:06:58.298 | INFO     | __main__:cell_checker:108 - 请求链接：https://click.linksynergy.com/link?id=o0PH*nrGc0U&offerid=900493.182&type=15&murl=https%3A%2F%2Fwww.elfcosmetics.com%2Fblemish-control-face-primer--large%2F83415.html，请求状态：200
2022-04-08 12:07:02.894 | INFO     | __main__:cell_checker:108 - 请求链接：https://click.linksynergy.com/link?id=o0PH*nrGc0U&offerid=900493.183&type=15&murl=https%3A%2F%2Fwww.elfcosmetics.com%2Fcamo-cc-cream%2F82869.html，请求状态：200
2022-04-08 12:07:06.562 | INFO     | __main__:cell_checker:108 - 请求链接：https://click.linksynergy.com/link?id=o0PH*nrGc0U&offerid=900493.181&type=15&murl=https%3A%2F%2Fwww.elfcosmetics.com%2Fradiant-18-piece-brush-set%2F70994.html，请求状态：410
2022-04-08 12:07:09.270 | INFO     | __main__:cell_checker:108 - 请求链接：https://ad.linksynergy.com/fs-bin/show?id=o0PH*nrGc0U&bids=900493.182&type=15&subid=0，请求状态：200
2022-04-08 12:07:09.783 | INFO     | __main__:cell_checker:108 - 请求链接：https://www.elfcosmetics.com/dw/image/v2/BBXC_PRD/on/demandware.static/-/Sites-elf-master/default/dwe9075de3/2021/camocc/correct%20images%20-%20non-CA%20packaging/82866_FCFND_OpenA_C.jpg?sw=600&sh=600&sm=fit&sfrm=jpg，请求状态：200
2022-04-08 12:07:10.220 | INFO     | __main__:cell_checker:108 - 请求链接：https://ad.linksynergy.com/fs-bin/show?id=o0PH*nrGc0U&bids=900493.184&type=15&subid=0，请求状态：200
2022-04-08 12:12:13.182 | INFO     | __main__:cell_checker:108 - 请求链接：https://ad.linksynergy.com/fs-bin/show?id=o0PH*nrGc0U&bids=900493.205&type=15&subid=0，请求状态：200
2022-04-08 12:12:13.446 | INFO     | __main__:cell_checker:108 - 请求链接：https://www.elfcosmetics.com/dw/image/v2/BBXC_PRD/on/demandware.static/-/Sites-elf-master/default/dw54f7daaf/2021/57358_SCMOI_Closed_R.jpg?sw=600&sh=600&sm=fit&sfrm=png，请求状态：200
2022-04-08 12:12:13.504 | INFO     | __main__:cell_checker:108 - 请求链接：https://www.elfcosmetics.com/dw/image/v2/BBXC_PRD/on/demandware.static/-/Sites-elf-master/default/dw9863d838/2021/camocc/correct%20images%20-%20non-CA%20packaging/82869_FCFND_OpenA_C.jpg?sw=600&sh=600&sm=fit&sfrm=jpg，请求状态：200
2022-04-08 12:12:16.546 | INFO     | __main__:cell_checker:108 - 请求链接：https://ad.linksynergy.com/fs-bin/show?id=o0PH*nrGc0U&bids=900493.209&type=15&subid=0，请求状态：200
