2022-04-08 12:15:17.627 | INFO     | __main__:cell_checker:115 - 请求链接：https://www.elfcosmetics.com/dw/image/v2/BBXC_PRD/on/demandware.static/-/Sites-elf-master/default/dwbf318815/2021/ElectricMood/82571_LPOTH_Kit_R.jpg?sw=600&sh=600&sm=fit&sfrm=png，请求状态：200
2022-04-08 12:15:22.277 | INFO     | __main__:cell_checker:115 - 请求链接：https://ad.linksynergy.com/fs-bin/show?id=o0PH*nrGc0U&bids=900493.8&type=15&subid=0，请求状态：200
2022-04-08 12:15:24.305 | INFO     | __main__:cell_checker:115 - 请求链接：https://click.linksynergy.com/link?id=o0PH*nrGc0U&offerid=900493.8&type=15&murl=https%3A%2F%2Fwww.elfcosmetics.com%2Felectric-mood-x-tiana-lip-duo%2F82571.html，请求状态：410
2022-04-08 12:15:28.517 | INFO     | __main__:cell_checker:115 - 请求链接：https://www.elfcosmetics.com/dw/image/v2/BBXC_PRD/on/demandware.static/-/Sites-elf-master/default/dw9c74d9da/2021/57359_SCTRE_OpenA_R.jpg?sw=600&sh=600&sm=fit&sfrm=png，请求状态：200
2022-04-08 12:15:30.979 | INFO     | __main__:cell_checker:115 - 请求链接：https://click.linksynergy.com/link?id=o0PH*nrGc0U&offerid=900493.24&type=15&murl=https%3A%2F%2Fwww.elfcosmetics.com%2Fcbd-100mg-body-oil%2F57359.html，请求状态：200
2022-04-08 12:15:32.055 | INFO     | __main__:cell_checker:115 - 请求链接：https://ad.linksynergy.com/fs-bin/show?id=o0PH*nrGc0U&bids=900493.24&type=15&subid=0，请求状态：200
2022-04-08 12:15:37.571 | INFO     | __main__:cell_checker:115 - 请求链接：https://www.elfcosmetics.com/dw/image/v2/BBXC_PRD/on/demandware.static/-/Sites-elf-master/default/dwedd15e0a/2021/camocc/correct%20images%20-%20non-CA%20packaging/82867_FCFND_OpenA_C.jpg?sw=600&sh=600&sm=fit&sfrm=jpg，请求状态：200
2022-04-08 12:15:41.790 | INFO     | __main__:cell_checker:115 - 请求链接：https://ad.linksynergy.com/fs-bin/show?id=o0PH*nrGc0U&bids=900493.29&type=15&subid=0，请求状态：200
2022-04-08 12:15:44.152 | INFO     | __main__:cell_checker:115 - 请求链接：https://click.linksynergy.com/link?id=o0PH*nrGc0U&offerid=900493.29&type=15&murl=https%3A%2F%2Fwww.elfcosmetics.com%2Fcamo-cc-cream%2F82867.html，请求状态：200
2022-04-08 12:15:50.874 | INFO     | __main__:cell_checker:115 - 请求链接：https://www.elfcosmetics.com/dw/image/v2/BBXC_PRD/on/demandware.static/-/Sites-elf-master/default/dw59f701a5/83124AcneFightingFoundation_004cA.jpg?sw=600&sh=600&sm=fit&sfrm=jpg，请求状态：200
2022-04-08 12:15:58.862 | INFO     | __main__:cell_checker:115 - 请求链接：https://ad.linksynergy.com/fs-bin/show?id=o0PH*nrGc0U&bids=900493.45&type=15&subid=0，请求状态：200
2022-04-08 12:16:02.246 | INFO     | __main__:cell_checker:115 - 请求链接：https://click.linksynergy.com/link?id=o0PH*nrGc0U&offerid=900493.45&type=15&murl=https%3A%2F%2Fwww.elfcosmetics.com%2Facne-fighting-foundation%2F83124.html，请求状态：200
2022-04-08 12:16:12.877 | INFO     | __main__:cell_checker:115 - 请求链接：https://www.elfcosmetics.com/dw/image/v2/BBXC_PRD/on/demandware.static/-/Sites-elf-master/default/dw5c121154/2021/camocc/correct%20images%20-%20non-CA%20packaging/82863_FCFND_OpenA_C.jpg?sw=600&sh=600&sm=fit&sfrm=jpg，请求状态：200
2022-04-08 12:16:17.640 | INFO     | __main__:cell_checker:115 - 请求链接：https://ad.linksynergy.com/fs-bin/show?id=o0PH*nrGc0U&bids=900493.47&type=15&subid=0，请求状态：200
2022-04-08 12:16:23.907 | INFO     | __main__:cell_checker:115 - 请求链接：https://click.linksynergy.com/link?id=o0PH*nrGc0U&offerid=900493.47&type=15&murl=https%3A%2F%2Fwww.elfcosmetics.com%2Fcamo-cc-cream%2F82863.html，请求状态：200
2022-04-08 12:16:34.495 | INFO     | __main__:cell_checker:115 - 请求链接：https://www.elfcosmetics.com/dw/image/v2/BBXC_PRD/on/demandware.static/-/Sites-elf-master/default/dw238936bc/83408_BlemishControlFacePrimerShortAA.jpg?sw=600&sh=600&sm=fit&sfrm=jpg，请求状态：200
2022-04-08 12:16:41.404 | DEBUG    | __main__:cell_checker:118 - 请求链接：https://click.linksynergy.com/link?id=o0PH*nrGc0U&offerid=900493.50&type=15&murl=https%3A%2F%2Fwww.elfcosmetics.com%2Fblemish-control-face-primer--small%2F83408.html，请求失败，失败原因：HTTPSConnectionPool(host='www.elfcosmetics.com', port=443): Max retries exceeded with url: /blemish-control-face-primer--small/83408.html?utm_source=Paid_Affiliate&utm_campaign=prismpop.com&utm_medium=Linkshare&utm_content=3782528&rmtsref=LinkShare&ranMID=39724&ranEAID=o0PH*nrGc0U&ranSiteID=o0PH.nrGc0U-wIfEtjiopLsf.jgM6My1lA&siteID=o0PH.nrGc0U-wIfEtjiopLsf.jgM6My1lA (Caused by ProxyError('Cannot connect to proxy.', TimeoutError('_ssl.c:980: The handshake operation timed out')))
2022-04-08 12:16:43.366 | INFO     | __main__:cell_checker:115 - 请求链接：https://ad.linksynergy.com/fs-bin/show?id=o0PH*nrGc0U&bids=900493.50&type=15&subid=0，请求状态：200
2022-04-08 12:16:53.121 | INFO     | __main__:cell_checker:115 - 请求链接：https://www.elfcosmetics.com/dw/image/v2/BBXC_PRD/on/demandware.static/-/Sites-elf-master/default/dwa0df516a/2021/70990_InPack_R.jpg?sw=600&sh=600&sm=fit&sfrm=png，请求状态：200
2022-04-08 12:16:56.269 | INFO     | __main__:cell_checker:115 - 请求链接：https://ad.linksynergy.com/fs-bin/show?id=o0PH*nrGc0U&bids=900493.55&type=15&subid=0，请求状态：200
2022-04-08 12:16:59.391 | INFO     | __main__:cell_checker:115 - 请求链接：https://click.linksynergy.com/link?id=o0PH*nrGc0U&offerid=900493.55&type=15&murl=https%3A%2F%2Fwww.elfcosmetics.com%2Fnaughty-and-ice-lip-gloss-vault%2F70990.html，请求状态：410
2022-04-08 12:17:02.904 | INFO     | __main__:cell_checker:115 - 请求链接：https://www.elfcosmetics.com/dw/image/v2/BBXC_PRD/on/demandware.static/-/Sites-elf-master/default/dw3ad240f2/2020/84202_OTHER_OpenA_R.jpg?sw=600&sh=600&sm=fit&sfrm=png，请求状态：200
2022-04-08 12:17:05.494 | INFO     | __main__:cell_checker:115 - 请求链接：https://click.linksynergy.com/link?id=o0PH*nrGc0U&offerid=900493.97&type=15&murl=https%3A%2F%2Fwww.elfcosmetics.com%2F100%2525-cruelty-free-pins%2F84202.html，请求状态：410
2022-04-08 12:17:06.939 | INFO     | __main__:cell_checker:115 - 请求链接：https://ad.linksynergy.com/fs-bin/show?id=o0PH*nrGc0U&bids=900493.97&type=15&subid=0，请求状态：200
2022-04-08 12:17:11.297 | INFO     | __main__:cell_checker:115 - 请求链接：https://www.elfcosmetics.com/dw/image/v2/BBXC_PRD/on/demandware.static/-/Sites-elf-master/default/dw60dc94ce/2021/camocc/84923_FCFND_OpenA_R.jpg?sw=600&sh=600&sm=fit&sfrm=png，请求状态：200
2022-04-08 12:17:15.542 | INFO     | __main__:cell_checker:115 - 请求链接：https://ad.linksynergy.com/fs-bin/show?id=o0PH*nrGc0U&bids=900493.119&type=15&subid=0，请求状态：200
2022-04-08 12:17:32.788 | INFO     | __main__:cell_checker:115 - 请求链接：https://click.linksynergy.com/link?id=o0PH*nrGc0U&offerid=900493.119&type=15&murl=https%3A%2F%2Fwww.elfcosmetics.com%2Fcamo-cc-cream%2F84923.html，请求状态：200
2022-04-08 12:17:34.457 | INFO     | __main__:cell_checker:115 - 请求链接：https://click.linksynergy.com/link?id=o0PH*nrGc0U&offerid=900493.130&type=15&murl=https%3A%2F%2Fwww.elfcosmetics.com%2Fcamo-cc-cream%2F82864.html，请求状态：200
2022-04-08 12:17:36.661 | INFO     | __main__:cell_checker:115 - 请求链接：https://www.elfcosmetics.com/dw/image/v2/BBXC_PRD/on/demandware.static/-/Sites-elf-master/default/dw318f7475/2021/camocc/correct%20images%20-%20non-CA%20packaging/82864_FCFND_OpenA_C.jpg?sw=600&sh=600&sm=fit&sfrm=jpg，请求状态：200
2022-04-08 12:17:43.584 | INFO     | __main__:cell_checker:115 - 请求链接：https://ad.linksynergy.com/fs-bin/show?id=o0PH*nrGc0U&bids=900493.130&type=15&subid=0，请求状态：200
2022-04-08 12:17:53.456 | INFO     | __main__:cell_checker:115 - 请求链接：https://www.elfcosmetics.com/dw/image/v2/BBXC_PRD/on/demandware.static/-/Sites-elf-master/default/dw37a25705/2020/57353_SCTRE_OpenA_R.jpg?sw=600&sh=600&sm=fit&sfrm=png，请求状态：200
2022-04-08 12:17:54.825 | INFO     | __main__:cell_checker:115 - 请求链接：https://click.linksynergy.com/link?id=o0PH*nrGc0U&offerid=900493.135&type=15&murl=https%3A%2F%2Fwww.elfcosmetics.com%2F100-mg-cbd-facial-oil%2F57353.html，请求状态：200
